producer_class	xtools.gsea.GseaPreranked
producer_timestamp	1466417094934
param	collapse	false
param	plot_top_x	20
param	rnk	/data_genome2/projects/MB194_Cervical_organoids/Human/Results/2016-06-17/endo_2D_vs_whole_ranked_for_GSEA.rnk
param	norm	meandiv
param	scoring_scheme	weighted
param	make_sets	true
param	mode	Max_probe
param	gmx	/data_genome1/References/GeneSets/c3.all.v5.1.symbols.gmt
param	gui	false
param	rpt_label	Endo_2D_vs_whole
param	help	false
param	out	/home/hilmar/gsea_home/output/jun20
param	include_only_symbols	true
param	set_min	15
param	nperm	1000
param	rnd_seed	timestamp
param	zip_report	false
param	set_max	500

file	/home/hilmar/gsea_home/output/jun20/Endo_2D_vs_whole.GseaPreranked.1466417094934/index.html
